<?xml version="1.0" encoding="utf-8"?><testsuites name="pytest tests"><testsuite name="pytest" errors="0" failures="0" skipped="0" tests="13" time="3.681" timestamp="2026-04-03T00:34:47.936652+00:00" hostname="agent-env-1e5af031-03ba-4da5-a187-be2f50e6d2db"><testcase classname="tests.test_iteration3_features.TestPublicStatsAPI" name="test_public_stats_returns_200" time="0.337" /><testcase classname="tests.test_iteration3_features.TestPublicStatsAPI" name="test_public_stats_contains_total_orders" time="0.113" /><testcase classname="tests.test_iteration3_features.TestPublicStatsAPI" name="test_public_stats_contains_total_users" time="0.119" /><testcase classname="tests.test_iteration3_features.TestCryptoMethodsPublicAPI" name="test_crypto_methods_returns_200" time="0.110" /><testcase classname="tests.test_iteration3_features.TestCryptoMethodsPublicAPI" name="test_crypto_methods_contains_address_field" time="0.107" /><testcase classname="tests.test_iteration3_features.TestCryptoMethodsPublicAPI" name="test_crypto_methods_structure" time="0.279" /><testcase classname="tests.test_iteration3_features.TestAdminCryptoWalletUpdate" name="test_admin_login_works" time="0.558" /><testcase classname="tests.test_iteration3_features.TestAdminCryptoWalletUpdate" name="test_admin_can_get_crypto_methods" time="0.063" /><testcase classname="tests.test_iteration3_features.TestAdminCryptoWalletUpdate" name="test_admin_can_update_wallet_address" time="1.105" /><testcase classname="tests.test_iteration3_features.TestUserAuthAndAddFunds" name="test_user_login_works" time="0.376" /><testcase classname="tests.test_iteration3_features.TestUserAuthAndAddFunds" name="test_user_can_view_crypto_methods" time="0.151" /><testcase classname="tests.test_iteration3_features.TestHealthAndBasicEndpoints" name="test_health_endpoint" time="0.155" /><testcase classname="tests.test_iteration3_features.TestHealthAndBasicEndpoints" name="test_root_api_endpoint" time="0.130" /></testsuite></testsuites>