<?xml version="1.0" encoding="utf-8"?><testsuites name="pytest tests"><testsuite name="pytest" errors="0" failures="0" skipped="0" tests="16" time="8.593" timestamp="2026-04-03T01:16:40.618217+00:00" hostname="agent-env-1e5af031-03ba-4da5-a187-be2f50e6d2db"><testcase classname="backend.tests.test_iteration5_features.TestCategoriesCRUD" name="test_create_category_with_slug" time="0.653" /><testcase classname="backend.tests.test_iteration5_features.TestCategoriesCRUD" name="test_create_category_auto_generates_slug" time="0.538" /><testcase classname="backend.tests.test_iteration5_features.TestCategoriesCRUD" name="test_update_category_with_slug" time="0.579" /><testcase classname="backend.tests.test_iteration5_features.TestCategoriesCRUD" name="test_get_categories_returns_slug" time="0.427" /><testcase classname="backend.tests.test_iteration5_features.TestCategoriesCRUD" name="test_delete_category_rejects_if_services_exist" time="0.531" /><testcase classname="backend.tests.test_iteration5_features.TestCategoriesCRUD" name="test_delete_category_succeeds_if_no_services" time="0.480" /><testcase classname="backend.tests.test_iteration5_features.TestApiProvidersCRUD" name="test_get_api_providers" time="0.439" /><testcase classname="backend.tests.test_iteration5_features.TestApiProvidersCRUD" name="test_create_api_provider" time="0.471" /><testcase classname="backend.tests.test_iteration5_features.TestApiProvidersCRUD" name="test_update_api_provider" time="0.562" /><testcase classname="backend.tests.test_iteration5_features.TestApiProvidersCRUD" name="test_delete_api_provider" time="0.543" /><testcase classname="backend.tests.test_iteration5_features.TestApiProvidersCRUD" name="test_test_connection" time="0.547" /><testcase classname="backend.tests.test_iteration5_features.TestServicesWithFulfillment" name="test_create_service_with_auto_fulfillment" time="0.637" /><testcase classname="backend.tests.test_iteration5_features.TestServicesWithFulfillment" name="test_get_services_returns_fulfillment_fields" time="0.425" /><testcase classname="backend.tests.test_iteration5_features.TestServicesWithFulfillment" name="test_create_service_with_new_types" time="1.062" /><testcase classname="backend.tests.test_iteration5_features.TestPublicCategoriesAPI" name="test_public_categories_returns_slug" time="0.109" /><testcase classname="backend.tests.test_iteration5_features.TestCleanup" name="test_cleanup_test_data" time="0.491" /></testsuite></testsuites>