<?xml version="1.0" encoding="utf-8"?><testsuites name="pytest tests"><testsuite name="pytest" errors="0" failures="0" skipped="0" tests="14" time="8.192" timestamp="2026-04-03T01:04:55.530969+00:00" hostname="agent-env-1e5af031-03ba-4da5-a187-be2f50e6d2db"><testcase classname="backend.tests.test_iteration4_features.TestAdminServicesCRUD" name="test_get_categories" time="0.619" /><testcase classname="backend.tests.test_iteration4_features.TestAdminServicesCRUD" name="test_create_service_with_new_fields" time="0.529" /><testcase classname="backend.tests.test_iteration4_features.TestAdminServicesCRUD" name="test_create_package_service" time="0.499" /><testcase classname="backend.tests.test_iteration4_features.TestAdminServicesCRUD" name="test_create_subscription_service" time="0.516" /><testcase classname="backend.tests.test_iteration4_features.TestAdminServicesCRUD" name="test_create_mention_service" time="0.541" /><testcase classname="backend.tests.test_iteration4_features.TestAdminServicesCRUD" name="test_get_services_returns_new_fields" time="0.513" /><testcase classname="backend.tests.test_iteration4_features.TestAdminServicesCRUD" name="test_update_service_with_new_fields" time="0.636" /><testcase classname="backend.tests.test_iteration4_features.TestUserServicesAPI" name="test_get_user_services_returns_new_fields" time="0.429" /><testcase classname="backend.tests.test_iteration4_features.TestOrdersWithNewFields" name="test_create_order_with_custom_data" time="0.558" /><testcase classname="backend.tests.test_iteration4_features.TestOrdersWithNewFields" name="test_create_order_with_duration" time="0.506" /><testcase classname="backend.tests.test_iteration4_features.TestRefillSystem" name="test_refill_flow" time="1.145" /><testcase classname="backend.tests.test_iteration4_features.TestRefillSystem" name="test_refill_not_allowed_for_non_completed_order" time="0.458" /><testcase classname="backend.tests.test_iteration4_features.TestAdminOrdersExpandedView" name="test_admin_orders_returns_expanded_fields" time="0.489" /><testcase classname="backend.tests.test_iteration4_features.TestCleanup" name="test_cleanup_test_services" time="0.652" /></testsuite></testsuites>